<?xml version="1.0" encoding="UTF-8"?>
<testsuite name="com.code.testbinarytree.TestBinaryTreeWithParent" tests="3" skipped="0" failures="0" errors="0" timestamp="2015-04-11T07:56:27" hostname="Nitin-Chhabras-MacBook.local" time="0.016">
  <properties/>
  <testcase name="test1" classname="com.code.testbinarytree.TestBinaryTreeWithParent" time="0.004"/>
  <testcase name="test2" classname="com.code.testbinarytree.TestBinaryTreeWithParent" time="0.001"/>
  <testcase name="test3" classname="com.code.testbinarytree.TestBinaryTreeWithParent" time="0.003"/>
  <system-out><![CDATA[20
10
30
50
40
]]></system-out>
  <system-err><![CDATA[]]></system-err>
</testsuite>
