<?xml version="1.0" encoding="UTF-8"?>
<testsuite name="com.code.testbinarytrees.TestBinaryTrees" tests="1" skipped="0" failures="0" errors="0" timestamp="2015-04-11T06:35:15" hostname="Nitin-Chhabras-MacBook.local" time="0.003">
  <properties/>
  <testcase name="test1" classname="com.code.testbinarytrees.TestBinaryTrees" time="0.003"/>
  <system-out><![CDATA[]]></system-out>
  <system-err><![CDATA[]]></system-err>
</testsuite>
