<?xml version="1.0" encoding="UTF-8"?>
<testsuite name="com.code.testbinarytree.TestBinaryTree" tests="1" skipped="0" failures="0" errors="0" timestamp="2015-04-11T07:12:18" hostname="Nitin-Chhabras-MacBook.local" time="0.014">
  <properties/>
  <testcase name="test1" classname="com.code.testbinarytree.TestBinaryTree" time="0.014"/>
  <system-out><![CDATA[hello
]]></system-out>
  <system-err><![CDATA[]]></system-err>
</testsuite>
